<?xml version="1.0" encoding="UTF-8"?>
<!-- Generated by org.testng.reporters.JUnitXMLReporter -->
<testsuite hostname="conlifedevmongo" name="/Users/shekhargarg/Desktop/Connected Life/coDashboardV1/src/test/java/com/coDashboardV1/testCases/TestCase_Login.java" tests="1" failures="0" timestamp="6 Aug 2019 13:42:26 GMT" time="23.857" errors="0">
  <testcase name="Loginverify" time="21.049" classname="com.coDashboardV1.testCases.TestCase_Login"/>
</testsuite> <!-- /Users/shekhargarg/Desktop/Connected Life/coDashboardV1/src/test/java/com/coDashboardV1/testCases/TestCase_Login.java -->
